<?xml version="1.0" encoding="UTF-8"?>
<!-- Generated by org.testng.reporters.JUnitReportReporter -->
<testsuite hostname="DESKTOP-2FH2PGA" failures="0" tests="1" name="com.Tests.TestSeriesPageTest" time="6.877" errors="0" timestamp="2025-02-16T23:31:03 IST" skipped="0">
  <testcase classname="com.Tests.TestSeriesPageTest" name="verifyTestSeriesPageLoads" time="6.877"/>
  <system-out/>
</testsuite> <!-- com.Tests.TestSeriesPageTest -->
