<?xml version="1.0" encoding="UTF-8"?>
<!-- Generated by org.testng.reporters.JUnitReportReporter -->
<testsuite hostname="DESKTOP-2FH2PGA" failures="0" tests="2" name="com.Tests.BatchListPageTest" time="49.351" errors="0" timestamp="2025-02-17T16:07:29 IST" skipped="0">
  <testcase classname="com.Tests.BatchListPageTest" name="verifyBatchCount" time="26.905"/>
  <system-out/>
  <testcase classname="com.Tests.BatchListPageTest" name="verifyBatchListPageLoads" time="22.446"/>
  <system-out/>
</testsuite> <!-- com.Tests.BatchListPageTest -->
