<?xml version="1.0" encoding="UTF-8"?>
<!-- Generated by org.testng.reporters.JUnitReportReporter -->
<testsuite hostname="DESKTOP-2FH2PGA" failures="0" tests="1" name="com.Tests.BatchListPageTest" time="4.896" errors="0" timestamp="2025-02-16T23:40:08 IST" skipped="0">
  <testcase classname="com.Tests.BatchListPageTest" name="verifyBatchCount" time="4.896"/>
  <system-out/>
</testsuite> <!-- com.Tests.BatchListPageTest -->
